2015/05/22 17:36:28 [error] [exception.Exception] exception 'Exception' with message 'Invalid Bootstrap path and CDN URL not set. Set vendor.twbs.bootstrap.dist alias or cdnUrl parameter in the configuration file.' in /Applications/XAMPP/xamppfiles/htdocs/checklist/protected/extensions/bootstrap/components/TbApi.php:245
Stack trace:
#0 /Applications/XAMPP/xamppfiles/htdocs/checklist/protected/extensions/bootstrap/components/TbApi.php(75): TbApi->getBootstrapUrl()
#1 /Applications/XAMPP/xamppfiles/htdocs/checklist/protected/extensions/bootstrap/components/TbApi.php(122): TbApi->registerCoreCss()
#2 /Applications/XAMPP/xamppfiles/htdocs/checklist/protected/extensions/bootstrap/components/TbApi.php(167): TbApi->registerAllCss()
#3 /Applications/XAMPP/xamppfiles/htdocs/checklist/protected/views/layouts/main.php(20): TbApi->register()
#4 /Applications/XAMPP/xamppfiles/htdocs/yii/framework/web/CBaseController.php(126): require('/Applications/X...')
#5 /Applications/XAMPP/xamppfiles/htdocs/yii/framework/web/CBaseController.php(95): CBaseController->renderInternal('/Applications/X...', Array, true)
#6 /Applications/XAMPP/xamppfiles/htdocs/yii/framework/web/widgets/CContentDecorator.php(76): CBaseController->renderFile('/Applications/X...', Array, true)
#7 /Applications/XAMPP/xamppfiles/htdocs/yii/framework/web/widgets/CContentDecorator.php(54): CContentDecorator->decorate('<div id="conten...')
#8 /Applications/XAMPP/xamppfiles/htdocs/yii/framework/web/widgets/COutputProcessor.php(44): CContentDecorator->processOutput('<div id="conten...')
#9 /Applications/XAMPP/xamppfiles/htdocs/yii/framework/web/CBaseController.php(214): COutputProcessor->run()
#10 /Applications/XAMPP/xamppfiles/htdocs/yii/framework/web/CBaseController.php(308): CBaseController->endWidget('CContentDecorat...')
#11 /Applications/XAMPP/xamppfiles/htdocs/checklist/protected/views/layouts/column1.php(6): CBaseController->endContent()
#12 /Applications/XAMPP/xamppfiles/htdocs/yii/framework/web/CBaseController.php(126): require('/Applications/X...')
#13 /Applications/XAMPP/xamppfiles/htdocs/yii/framework/web/CBaseController.php(95): CBaseController->renderInternal('/Applications/X...', Array, true)
#14 /Applications/XAMPP/xamppfiles/htdocs/yii/framework/web/CController.php(784): CBaseController->renderFile('/Applications/X...', Array, true)
#15 /Applications/XAMPP/xamppfiles/htdocs/checklist/protected/controllers/SiteController.php(32): CController->render('index')
#16 /Applications/XAMPP/xamppfiles/htdocs/yii/framework/web/actions/CInlineAction.php(49): SiteController->actionIndex()
#17 /Applications/XAMPP/xamppfiles/htdocs/yii/framework/web/CController.php(308): CInlineAction->runWithParams(Array)
#18 /Applications/XAMPP/xamppfiles/htdocs/yii/framework/web/CController.php(286): CController->runAction(Object(CInlineAction))
#19 /Applications/XAMPP/xamppfiles/htdocs/yii/framework/web/CController.php(265): CController->runActionWithFilters(Object(CInlineAction), Array)
#20 /Applications/XAMPP/xamppfiles/htdocs/yii/framework/web/CWebApplication.php(282): CController->run('index')
#21 /Applications/XAMPP/xamppfiles/htdocs/yii/framework/web/CWebApplication.php(141): CWebApplication->runController('site/index')
#22 /Applications/XAMPP/xamppfiles/htdocs/yii/framework/base/CApplication.php(184): CWebApplication->processRequest()
#23 /Applications/XAMPP/xamppfiles/htdocs/checklist/index.php(13): CApplication->run()
#24 {main}
REQUEST_URI=/checklist/index.php?r=site/index
---
2015/05/22 17:46:20 [error] [exception.Exception] exception 'Exception' with message 'Invalid Bootstrap path and CDN URL not set. Set vendor.twbs.bootstrap.dist alias or cdnUrl parameter in the configuration file.' in /Applications/XAMPP/xamppfiles/htdocs/checklist/protected/extensions/bootstrap/components/TbApi.php:245
Stack trace:
#0 /Applications/XAMPP/xamppfiles/htdocs/checklist/protected/extensions/bootstrap/components/TbApi.php(75): TbApi->getBootstrapUrl()
#1 /Applications/XAMPP/xamppfiles/htdocs/checklist/protected/extensions/bootstrap/components/TbApi.php(122): TbApi->registerCoreCss()
#2 /Applications/XAMPP/xamppfiles/htdocs/checklist/protected/extensions/bootstrap/components/TbApi.php(167): TbApi->registerAllCss()
#3 /Applications/XAMPP/xamppfiles/htdocs/checklist/protected/views/layouts/main.php(20): TbApi->register()
#4 /Applications/XAMPP/xamppfiles/htdocs/yii/framework/web/CBaseController.php(126): require('/Applications/X...')
#5 /Applications/XAMPP/xamppfiles/htdocs/yii/framework/web/CBaseController.php(95): CBaseController->renderInternal('/Applications/X...', Array, true)
#6 /Applications/XAMPP/xamppfiles/htdocs/yii/framework/web/widgets/CContentDecorator.php(76): CBaseController->renderFile('/Applications/X...', Array, true)
#7 /Applications/XAMPP/xamppfiles/htdocs/yii/framework/web/widgets/CContentDecorator.php(54): CContentDecorator->decorate('<div id="conten...')
#8 /Applications/XAMPP/xamppfiles/htdocs/yii/framework/web/widgets/COutputProcessor.php(44): CContentDecorator->processOutput('<div id="conten...')
#9 /Applications/XAMPP/xamppfiles/htdocs/yii/framework/web/CBaseController.php(214): COutputProcessor->run()
#10 /Applications/XAMPP/xamppfiles/htdocs/yii/framework/web/CBaseController.php(308): CBaseController->endWidget('CContentDecorat...')
#11 /Applications/XAMPP/xamppfiles/htdocs/checklist/protected/views/layouts/column1.php(6): CBaseController->endContent()
#12 /Applications/XAMPP/xamppfiles/htdocs/yii/framework/web/CBaseController.php(126): require('/Applications/X...')
#13 /Applications/XAMPP/xamppfiles/htdocs/yii/framework/web/CBaseController.php(95): CBaseController->renderInternal('/Applications/X...', Array, true)
#14 /Applications/XAMPP/xamppfiles/htdocs/yii/framework/web/CController.php(784): CBaseController->renderFile('/Applications/X...', Array, true)
#15 /Applications/XAMPP/xamppfiles/htdocs/checklist/protected/controllers/SiteController.php(32): CController->render('index')
#16 /Applications/XAMPP/xamppfiles/htdocs/yii/framework/web/actions/CInlineAction.php(49): SiteController->actionIndex()
#17 /Applications/XAMPP/xamppfiles/htdocs/yii/framework/web/CController.php(308): CInlineAction->runWithParams(Array)
#18 /Applications/XAMPP/xamppfiles/htdocs/yii/framework/web/CController.php(286): CController->runAction(Object(CInlineAction))
#19 /Applications/XAMPP/xamppfiles/htdocs/yii/framework/web/CController.php(265): CController->runActionWithFilters(Object(CInlineAction), Array)
#20 /Applications/XAMPP/xamppfiles/htdocs/yii/framework/web/CWebApplication.php(282): CController->run('')
#21 /Applications/XAMPP/xamppfiles/htdocs/yii/framework/web/CWebApplication.php(141): CWebApplication->runController('')
#22 /Applications/XAMPP/xamppfiles/htdocs/yii/framework/base/CApplication.php(184): CWebApplication->processRequest()
#23 /Applications/XAMPP/xamppfiles/htdocs/checklist/index.php(13): CApplication->run()
#24 {main}
REQUEST_URI=/checklist/
---
2015/05/22 17:48:38 [error] [exception.Exception] exception 'Exception' with message 'Invalid Bootstrap path and CDN URL not set. Set vendor.twbs.bootstrap.dist alias or cdnUrl parameter in the configuration file.' in /Applications/XAMPP/xamppfiles/htdocs/checklist/protected/extensions/bootstrap/components/TbApi.php:245
Stack trace:
#0 /Applications/XAMPP/xamppfiles/htdocs/checklist/protected/extensions/bootstrap/components/TbApi.php(75): TbApi->getBootstrapUrl()
#1 /Applications/XAMPP/xamppfiles/htdocs/checklist/protected/extensions/bootstrap/components/TbApi.php(122): TbApi->registerCoreCss()
#2 /Applications/XAMPP/xamppfiles/htdocs/checklist/protected/extensions/bootstrap/components/TbApi.php(167): TbApi->registerAllCss()
#3 /Applications/XAMPP/xamppfiles/htdocs/checklist/protected/views/layouts/main.php(20): TbApi->register()
#4 /Applications/XAMPP/xamppfiles/htdocs/yii/framework/web/CBaseController.php(126): require('/Applications/X...')
#5 /Applications/XAMPP/xamppfiles/htdocs/yii/framework/web/CBaseController.php(95): CBaseController->renderInternal('/Applications/X...', Array, true)
#6 /Applications/XAMPP/xamppfiles/htdocs/yii/framework/web/widgets/CContentDecorator.php(76): CBaseController->renderFile('/Applications/X...', Array, true)
#7 /Applications/XAMPP/xamppfiles/htdocs/yii/framework/web/widgets/CContentDecorator.php(54): CContentDecorator->decorate('<div id="conten...')
#8 /Applications/XAMPP/xamppfiles/htdocs/yii/framework/web/widgets/COutputProcessor.php(44): CContentDecorator->processOutput('<div id="conten...')
#9 /Applications/XAMPP/xamppfiles/htdocs/yii/framework/web/CBaseController.php(214): COutputProcessor->run()
#10 /Applications/XAMPP/xamppfiles/htdocs/yii/framework/web/CBaseController.php(308): CBaseController->endWidget('CContentDecorat...')
#11 /Applications/XAMPP/xamppfiles/htdocs/checklist/protected/views/layouts/column1.php(6): CBaseController->endContent()
#12 /Applications/XAMPP/xamppfiles/htdocs/yii/framework/web/CBaseController.php(126): require('/Applications/X...')
#13 /Applications/XAMPP/xamppfiles/htdocs/yii/framework/web/CBaseController.php(95): CBaseController->renderInternal('/Applications/X...', Array, true)
#14 /Applications/XAMPP/xamppfiles/htdocs/yii/framework/web/CController.php(784): CBaseController->renderFile('/Applications/X...', Array, true)
#15 /Applications/XAMPP/xamppfiles/htdocs/checklist/protected/controllers/SiteController.php(32): CController->render('index')
#16 /Applications/XAMPP/xamppfiles/htdocs/yii/framework/web/actions/CInlineAction.php(49): SiteController->actionIndex()
#17 /Applications/XAMPP/xamppfiles/htdocs/yii/framework/web/CController.php(308): CInlineAction->runWithParams(Array)
#18 /Applications/XAMPP/xamppfiles/htdocs/yii/framework/web/CController.php(286): CController->runAction(Object(CInlineAction))
#19 /Applications/XAMPP/xamppfiles/htdocs/yii/framework/web/CController.php(265): CController->runActionWithFilters(Object(CInlineAction), Array)
#20 /Applications/XAMPP/xamppfiles/htdocs/yii/framework/web/CWebApplication.php(282): CController->run('')
#21 /Applications/XAMPP/xamppfiles/htdocs/yii/framework/web/CWebApplication.php(141): CWebApplication->runController('')
#22 /Applications/XAMPP/xamppfiles/htdocs/yii/framework/base/CApplication.php(184): CWebApplication->processRequest()
#23 /Applications/XAMPP/xamppfiles/htdocs/checklist/index.php(13): CApplication->run()
#24 {main}
REQUEST_URI=/checklist/
---
2015/05/22 17:50:32 [error] [exception.Exception] exception 'Exception' with message 'Invalid Bootstrap path and CDN URL not set. Set vendor.twbs.bootstrap.dist alias or cdnUrl parameter in the configuration file.' in /Applications/XAMPP/xamppfiles/htdocs/checklist/protected/extensions/bootstrap/components/TbApi.php:245
Stack trace:
#0 /Applications/XAMPP/xamppfiles/htdocs/checklist/protected/extensions/bootstrap/components/TbApi.php(75): TbApi->getBootstrapUrl()
#1 /Applications/XAMPP/xamppfiles/htdocs/checklist/protected/extensions/bootstrap/components/TbApi.php(122): TbApi->registerCoreCss()
#2 /Applications/XAMPP/xamppfiles/htdocs/checklist/protected/extensions/bootstrap/components/TbApi.php(167): TbApi->registerAllCss()
#3 /Applications/XAMPP/xamppfiles/htdocs/checklist/protected/views/layouts/main.php(20): TbApi->register()
#4 /Applications/XAMPP/xamppfiles/htdocs/yii/framework/web/CBaseController.php(126): require('/Applications/X...')
#5 /Applications/XAMPP/xamppfiles/htdocs/yii/framework/web/CBaseController.php(95): CBaseController->renderInternal('/Applications/X...', Array, true)
#6 /Applications/XAMPP/xamppfiles/htdocs/yii/framework/web/widgets/CContentDecorator.php(76): CBaseController->renderFile('/Applications/X...', Array, true)
#7 /Applications/XAMPP/xamppfiles/htdocs/yii/framework/web/widgets/CContentDecorator.php(54): CContentDecorator->decorate('<div id="conten...')
#8 /Applications/XAMPP/xamppfiles/htdocs/yii/framework/web/widgets/COutputProcessor.php(44): CContentDecorator->processOutput('<div id="conten...')
#9 /Applications/XAMPP/xamppfiles/htdocs/yii/framework/web/CBaseController.php(214): COutputProcessor->run()
#10 /Applications/XAMPP/xamppfiles/htdocs/yii/framework/web/CBaseController.php(308): CBaseController->endWidget('CContentDecorat...')
#11 /Applications/XAMPP/xamppfiles/htdocs/checklist/protected/views/layouts/column1.php(6): CBaseController->endContent()
#12 /Applications/XAMPP/xamppfiles/htdocs/yii/framework/web/CBaseController.php(126): require('/Applications/X...')
#13 /Applications/XAMPP/xamppfiles/htdocs/yii/framework/web/CBaseController.php(95): CBaseController->renderInternal('/Applications/X...', Array, true)
#14 /Applications/XAMPP/xamppfiles/htdocs/yii/framework/web/CController.php(784): CBaseController->renderFile('/Applications/X...', Array, true)
#15 /Applications/XAMPP/xamppfiles/htdocs/checklist/protected/controllers/SiteController.php(32): CController->render('index')
#16 /Applications/XAMPP/xamppfiles/htdocs/yii/framework/web/actions/CInlineAction.php(49): SiteController->actionIndex()
#17 /Applications/XAMPP/xamppfiles/htdocs/yii/framework/web/CController.php(308): CInlineAction->runWithParams(Array)
#18 /Applications/XAMPP/xamppfiles/htdocs/yii/framework/web/CController.php(286): CController->runAction(Object(CInlineAction))
#19 /Applications/XAMPP/xamppfiles/htdocs/yii/framework/web/CController.php(265): CController->runActionWithFilters(Object(CInlineAction), Array)
#20 /Applications/XAMPP/xamppfiles/htdocs/yii/framework/web/CWebApplication.php(282): CController->run('')
#21 /Applications/XAMPP/xamppfiles/htdocs/yii/framework/web/CWebApplication.php(141): CWebApplication->runController('')
#22 /Applications/XAMPP/xamppfiles/htdocs/yii/framework/base/CApplication.php(184): CWebApplication->processRequest()
#23 /Applications/XAMPP/xamppfiles/htdocs/checklist/index.php(13): CApplication->run()
#24 {main}
REQUEST_URI=/checklist/
---
2015/05/22 17:53:15 [error] [php] include(TbArray.php): failed to open stream: No such file or directory (/Applications/XAMPP/xamppfiles/htdocs/yii/framework/YiiBase.php:432)
Stack trace:
#0 /Applications/XAMPP/xamppfiles/htdocs/checklist/protected/extensions/bootstrap/components/TbApi.php(179): spl_autoload_call()
#1 /Applications/XAMPP/xamppfiles/htdocs/checklist/protected/extensions/bootstrap/components/TbApi.php(149): TbApi->registerPopover()
#2 /Applications/XAMPP/xamppfiles/htdocs/checklist/protected/extensions/bootstrap/components/TbApi.php(159): TbApi->registerTooltipAndPopover()
#3 /Applications/XAMPP/xamppfiles/htdocs/checklist/protected/extensions/bootstrap/components/TbApi.php(168): TbApi->registerAllScripts()
#4 /Applications/XAMPP/xamppfiles/htdocs/checklist/protected/views/layouts/main.php(20): TbApi->register()
#5 /Applications/XAMPP/xamppfiles/htdocs/yii/framework/web/CBaseController.php(126): require()
#6 /Applications/XAMPP/xamppfiles/htdocs/yii/framework/web/CBaseController.php(95): SiteController->renderInternal()
#7 /Applications/XAMPP/xamppfiles/htdocs/yii/framework/web/widgets/CContentDecorator.php(76): SiteController->renderFile()
#8 /Applications/XAMPP/xamppfiles/htdocs/yii/framework/web/widgets/CContentDecorator.php(54): CContentDecorator->decorate()
#9 /Applications/XAMPP/xamppfiles/htdocs/yii/framework/web/widgets/COutputProcessor.php(44): CContentDecorator->processOutput()
#10 /Applications/XAMPP/xamppfiles/htdocs/yii/framework/web/CBaseController.php(214): CContentDecorator->run()
#11 /Applications/XAMPP/xamppfiles/htdocs/yii/framework/web/CBaseController.php(308): SiteController->endWidget()
#12 /Applications/XAMPP/xamppfiles/htdocs/checklist/protected/views/layouts/column1.php(6): SiteController->endContent()
#13 /Applications/XAMPP/xamppfiles/htdocs/yii/framework/web/CBaseController.php(126): require()
#14 /Applications/XAMPP/xamppfiles/htdocs/yii/framework/web/CBaseController.php(95): SiteController->renderInternal()
#15 /Applications/XAMPP/xamppfiles/htdocs/yii/framework/web/CController.php(784): SiteController->renderFile()
#16 /Applications/XAMPP/xamppfiles/htdocs/checklist/protected/controllers/SiteController.php(32): SiteController->render()
#17 /Applications/XAMPP/xamppfiles/htdocs/yii/framework/web/actions/CInlineAction.php(49): SiteController->actionIndex()
#18 /Applications/XAMPP/xamppfiles/htdocs/yii/framework/web/CController.php(308): CInlineAction->runWithParams()
#19 /Applications/XAMPP/xamppfiles/htdocs/yii/framework/web/CController.php(286): SiteController->runAction()
#20 /Applications/XAMPP/xamppfiles/htdocs/yii/framework/web/CController.php(265): SiteController->runActionWithFilters()
#21 /Applications/XAMPP/xamppfiles/htdocs/yii/framework/web/CWebApplication.php(282): SiteController->run()
#22 /Applications/XAMPP/xamppfiles/htdocs/yii/framework/web/CWebApplication.php(141): CWebApplication->runController()
#23 /Applications/XAMPP/xamppfiles/htdocs/yii/framework/base/CApplication.php(184): CWebApplication->processRequest()
#24 /Applications/XAMPP/xamppfiles/htdocs/checklist/index.php(13): CWebApplication->run()
REQUEST_URI=/checklist/
in /Applications/XAMPP/xamppfiles/htdocs/checklist/protected/extensions/bootstrap/components/TbApi.php (179)
in /Applications/XAMPP/xamppfiles/htdocs/checklist/protected/extensions/bootstrap/components/TbApi.php (149)
in /Applications/XAMPP/xamppfiles/htdocs/checklist/protected/extensions/bootstrap/components/TbApi.php (159)
2015/05/22 17:57:30 [error] [php] include(TbCollapse.php): failed to open stream: No such file or directory (/Applications/XAMPP/xamppfiles/htdocs/yii/framework/YiiBase.php:432)
Stack trace:
#0 unknown(0): spl_autoload_call()
#1 /Applications/XAMPP/xamppfiles/htdocs/yii/framework/YiiBase.php(292): class_exists()
#2 /Applications/XAMPP/xamppfiles/htdocs/yii/framework/web/CWidgetFactory.php(146): import()
#3 /Applications/XAMPP/xamppfiles/htdocs/yii/framework/web/CBaseController.php(146): CWidgetFactory->createWidget()
#4 /Applications/XAMPP/xamppfiles/htdocs/yii/framework/web/CBaseController.php(180): SiteController->createWidget()
#5 /Applications/XAMPP/xamppfiles/htdocs/checklist/protected/extensions/bootstrap/widgets/TbNavbar.php(112): SiteController->widget()
#6 /Applications/XAMPP/xamppfiles/htdocs/yii/framework/web/CBaseController.php(181): TbNavbar->run()
#7 /Applications/XAMPP/xamppfiles/htdocs/checklist/protected/views/layouts/main.php(53): SiteController->widget()
#8 /Applications/XAMPP/xamppfiles/htdocs/yii/framework/web/CBaseController.php(126): require()
#9 /Applications/XAMPP/xamppfiles/htdocs/yii/framework/web/CBaseController.php(95): SiteController->renderInternal()
#10 /Applications/XAMPP/xamppfiles/htdocs/yii/framework/web/widgets/CContentDecorator.php(76): SiteController->renderFile()
#11 /Applications/XAMPP/xamppfiles/htdocs/yii/framework/web/widgets/CContentDecorator.php(54): CContentDecorator->decorate()
#12 /Applications/XAMPP/xamppfiles/htdocs/yii/framework/web/widgets/COutputProcessor.php(44): CContentDecorator->processOutput()
#13 /Applications/XAMPP/xamppfiles/htdocs/yii/framework/web/CBaseController.php(214): CContentDecorator->run()
#14 /Applications/XAMPP/xamppfiles/htdocs/yii/framework/web/CBaseController.php(308): SiteController->endWidget()
#15 /Applications/XAMPP/xamppfiles/htdocs/checklist/protected/views/layouts/column1.php(6): SiteController->endContent()
#16 /Applications/XAMPP/xamppfiles/htdocs/yii/framework/web/CBaseController.php(126): require()
#17 /Applications/XAMPP/xamppfiles/htdocs/yii/framework/web/CBaseController.php(95): SiteController->renderInternal()
#18 /Applications/XAMPP/xamppfiles/htdocs/yii/framework/web/CController.php(784): SiteController->renderFile()
#19 /Applications/XAMPP/xamppfiles/htdocs/checklist/protected/controllers/SiteController.php(32): SiteController->render()
#20 /Applications/XAMPP/xamppfiles/htdocs/yii/framework/web/actions/CInlineAction.php(49): SiteController->actionIndex()
#21 /Applications/XAMPP/xamppfiles/htdocs/yii/framework/web/CController.php(308): CInlineAction->runWithParams()
#22 /Applications/XAMPP/xamppfiles/htdocs/yii/framework/web/CController.php(286): SiteController->runAction()
#23 /Applications/XAMPP/xamppfiles/htdocs/yii/framework/web/CController.php(265): SiteController->runActionWithFilters()
#24 /Applications/XAMPP/xamppfiles/htdocs/yii/framework/web/CWebApplication.php(282): SiteController->run()
#25 /Applications/XAMPP/xamppfiles/htdocs/yii/framework/web/CWebApplication.php(141): CWebApplication->runController()
#26 /Applications/XAMPP/xamppfiles/htdocs/yii/framework/base/CApplication.php(184): CWebApplication->processRequest()
#27 /Applications/XAMPP/xamppfiles/htdocs/checklist/index.php(13): CWebApplication->run()
REQUEST_URI=/checklist/
in /Applications/XAMPP/xamppfiles/htdocs/checklist/protected/extensions/bootstrap/widgets/TbNavbar.php (112)
in /Applications/XAMPP/xamppfiles/htdocs/checklist/protected/views/layouts/main.php (53)
in /Applications/XAMPP/xamppfiles/htdocs/checklist/protected/views/layouts/column1.php (6)
2015/05/22 17:58:29 [error] [exception.Exception] exception 'Exception' with message 'Invalid Bootstrap path and CDN URL not set. Set vendor.twbs.bootstrap.dist alias or cdnUrl parameter in the configuration file.' in /Applications/XAMPP/xamppfiles/htdocs/checklist/protected/extensions/bootstrap/components/TbApi.php:245
Stack trace:
#0 /Applications/XAMPP/xamppfiles/htdocs/checklist/protected/extensions/bootstrap/components/TbApi.php(75): TbApi->getBootstrapUrl()
#1 /Applications/XAMPP/xamppfiles/htdocs/checklist/protected/extensions/bootstrap/components/TbApi.php(122): TbApi->registerCoreCss()
#2 /Applications/XAMPP/xamppfiles/htdocs/checklist/protected/extensions/bootstrap/components/TbApi.php(167): TbApi->registerAllCss()
#3 /Applications/XAMPP/xamppfiles/htdocs/checklist/protected/views/layouts/main.php(20): TbApi->register()
#4 /Applications/XAMPP/xamppfiles/htdocs/yii/framework/web/CBaseController.php(126): require('/Applications/X...')
#5 /Applications/XAMPP/xamppfiles/htdocs/yii/framework/web/CBaseController.php(95): CBaseController->renderInternal('/Applications/X...', Array, true)
#6 /Applications/XAMPP/xamppfiles/htdocs/yii/framework/web/widgets/CContentDecorator.php(76): CBaseController->renderFile('/Applications/X...', Array, true)
#7 /Applications/XAMPP/xamppfiles/htdocs/yii/framework/web/widgets/CContentDecorator.php(54): CContentDecorator->decorate('<div id="conten...')
#8 /Applications/XAMPP/xamppfiles/htdocs/yii/framework/web/widgets/COutputProcessor.php(44): CContentDecorator->processOutput('<div id="conten...')
#9 /Applications/XAMPP/xamppfiles/htdocs/yii/framework/web/CBaseController.php(214): COutputProcessor->run()
#10 /Applications/XAMPP/xamppfiles/htdocs/yii/framework/web/CBaseController.php(308): CBaseController->endWidget('CContentDecorat...')
#11 /Applications/XAMPP/xamppfiles/htdocs/checklist/protected/views/layouts/column1.php(6): CBaseController->endContent()
#12 /Applications/XAMPP/xamppfiles/htdocs/yii/framework/web/CBaseController.php(126): require('/Applications/X...')
#13 /Applications/XAMPP/xamppfiles/htdocs/yii/framework/web/CBaseController.php(95): CBaseController->renderInternal('/Applications/X...', Array, true)
#14 /Applications/XAMPP/xamppfiles/htdocs/yii/framework/web/CController.php(784): CBaseController->renderFile('/Applications/X...', Array, true)
#15 /Applications/XAMPP/xamppfiles/htdocs/checklist/protected/controllers/SiteController.php(32): CController->render('index')
#16 /Applications/XAMPP/xamppfiles/htdocs/yii/framework/web/actions/CInlineAction.php(49): SiteController->actionIndex()
#17 /Applications/XAMPP/xamppfiles/htdocs/yii/framework/web/CController.php(308): CInlineAction->runWithParams(Array)
#18 /Applications/XAMPP/xamppfiles/htdocs/yii/framework/web/CController.php(286): CController->runAction(Object(CInlineAction))
#19 /Applications/XAMPP/xamppfiles/htdocs/yii/framework/web/CController.php(265): CController->runActionWithFilters(Object(CInlineAction), Array)
#20 /Applications/XAMPP/xamppfiles/htdocs/yii/framework/web/CWebApplication.php(282): CController->run('')
#21 /Applications/XAMPP/xamppfiles/htdocs/yii/framework/web/CWebApplication.php(141): CWebApplication->runController('')
#22 /Applications/XAMPP/xamppfiles/htdocs/yii/framework/base/CApplication.php(184): CWebApplication->processRequest()
#23 /Applications/XAMPP/xamppfiles/htdocs/checklist/index.php(13): CApplication->run()
#24 {main}
REQUEST_URI=/checklist/
---
2015/05/22 17:59:31 [error] [exception.Exception] exception 'Exception' with message 'Invalid Bootstrap path and CDN URL not set. Set vendor.twbs.bootstrap.dist alias or cdnUrl parameter in the configuration file.' in /Applications/XAMPP/xamppfiles/htdocs/checklist/protected/extensions/bootstrap/components/TbApi.php:245
Stack trace:
#0 /Applications/XAMPP/xamppfiles/htdocs/checklist/protected/extensions/bootstrap/components/TbApi.php(75): TbApi->getBootstrapUrl()
#1 /Applications/XAMPP/xamppfiles/htdocs/checklist/protected/extensions/bootstrap/components/TbApi.php(122): TbApi->registerCoreCss()
#2 /Applications/XAMPP/xamppfiles/htdocs/checklist/protected/extensions/bootstrap/components/TbApi.php(167): TbApi->registerAllCss()
#3 /Applications/XAMPP/xamppfiles/htdocs/checklist/protected/views/layouts/main.php(20): TbApi->register()
#4 /Applications/XAMPP/xamppfiles/htdocs/yii/framework/web/CBaseController.php(126): require('/Applications/X...')
#5 /Applications/XAMPP/xamppfiles/htdocs/yii/framework/web/CBaseController.php(95): CBaseController->renderInternal('/Applications/X...', Array, true)
#6 /Applications/XAMPP/xamppfiles/htdocs/yii/framework/web/widgets/CContentDecorator.php(76): CBaseController->renderFile('/Applications/X...', Array, true)
#7 /Applications/XAMPP/xamppfiles/htdocs/yii/framework/web/widgets/CContentDecorator.php(54): CContentDecorator->decorate('<div id="conten...')
#8 /Applications/XAMPP/xamppfiles/htdocs/yii/framework/web/widgets/COutputProcessor.php(44): CContentDecorator->processOutput('<div id="conten...')
#9 /Applications/XAMPP/xamppfiles/htdocs/yii/framework/web/CBaseController.php(214): COutputProcessor->run()
#10 /Applications/XAMPP/xamppfiles/htdocs/yii/framework/web/CBaseController.php(308): CBaseController->endWidget('CContentDecorat...')
#11 /Applications/XAMPP/xamppfiles/htdocs/checklist/protected/views/layouts/column1.php(6): CBaseController->endContent()
#12 /Applications/XAMPP/xamppfiles/htdocs/yii/framework/web/CBaseController.php(126): require('/Applications/X...')
#13 /Applications/XAMPP/xamppfiles/htdocs/yii/framework/web/CBaseController.php(95): CBaseController->renderInternal('/Applications/X...', Array, true)
#14 /Applications/XAMPP/xamppfiles/htdocs/yii/framework/web/CController.php(784): CBaseController->renderFile('/Applications/X...', Array, true)
#15 /Applications/XAMPP/xamppfiles/htdocs/checklist/protected/controllers/SiteController.php(32): CController->render('index')
#16 /Applications/XAMPP/xamppfiles/htdocs/yii/framework/web/actions/CInlineAction.php(49): SiteController->actionIndex()
#17 /Applications/XAMPP/xamppfiles/htdocs/yii/framework/web/CController.php(308): CInlineAction->runWithParams(Array)
#18 /Applications/XAMPP/xamppfiles/htdocs/yii/framework/web/CController.php(286): CController->runAction(Object(CInlineAction))
#19 /Applications/XAMPP/xamppfiles/htdocs/yii/framework/web/CController.php(265): CController->runActionWithFilters(Object(CInlineAction), Array)
#20 /Applications/XAMPP/xamppfiles/htdocs/yii/framework/web/CWebApplication.php(282): CController->run('')
#21 /Applications/XAMPP/xamppfiles/htdocs/yii/framework/web/CWebApplication.php(141): CWebApplication->runController('')
#22 /Applications/XAMPP/xamppfiles/htdocs/yii/framework/base/CApplication.php(184): CWebApplication->processRequest()
#23 /Applications/XAMPP/xamppfiles/htdocs/checklist/index.php(13): CApplication->run()
#24 {main}
REQUEST_URI=/checklist/
---
2015/05/22 17:59:33 [error] [exception.Exception] exception 'Exception' with message 'Invalid Bootstrap path and CDN URL not set. Set vendor.twbs.bootstrap.dist alias or cdnUrl parameter in the configuration file.' in /Applications/XAMPP/xamppfiles/htdocs/checklist/protected/extensions/bootstrap/components/TbApi.php:245
Stack trace:
#0 /Applications/XAMPP/xamppfiles/htdocs/checklist/protected/extensions/bootstrap/components/TbApi.php(75): TbApi->getBootstrapUrl()
#1 /Applications/XAMPP/xamppfiles/htdocs/checklist/protected/extensions/bootstrap/components/TbApi.php(122): TbApi->registerCoreCss()
#2 /Applications/XAMPP/xamppfiles/htdocs/checklist/protected/extensions/bootstrap/components/TbApi.php(167): TbApi->registerAllCss()
#3 /Applications/XAMPP/xamppfiles/htdocs/checklist/protected/views/layouts/main.php(20): TbApi->register()
#4 /Applications/XAMPP/xamppfiles/htdocs/yii/framework/web/CBaseController.php(126): require('/Applications/X...')
#5 /Applications/XAMPP/xamppfiles/htdocs/yii/framework/web/CBaseController.php(95): CBaseController->renderInternal('/Applications/X...', Array, true)
#6 /Applications/XAMPP/xamppfiles/htdocs/yii/framework/web/widgets/CContentDecorator.php(76): CBaseController->renderFile('/Applications/X...', Array, true)
#7 /Applications/XAMPP/xamppfiles/htdocs/yii/framework/web/widgets/CContentDecorator.php(54): CContentDecorator->decorate('<div id="conten...')
#8 /Applications/XAMPP/xamppfiles/htdocs/yii/framework/web/widgets/COutputProcessor.php(44): CContentDecorator->processOutput('<div id="conten...')
#9 /Applications/XAMPP/xamppfiles/htdocs/yii/framework/web/CBaseController.php(214): COutputProcessor->run()
#10 /Applications/XAMPP/xamppfiles/htdocs/yii/framework/web/CBaseController.php(308): CBaseController->endWidget('CContentDecorat...')
#11 /Applications/XAMPP/xamppfiles/htdocs/checklist/protected/views/layouts/column1.php(6): CBaseController->endContent()
#12 /Applications/XAMPP/xamppfiles/htdocs/yii/framework/web/CBaseController.php(126): require('/Applications/X...')
#13 /Applications/XAMPP/xamppfiles/htdocs/yii/framework/web/CBaseController.php(95): CBaseController->renderInternal('/Applications/X...', Array, true)
#14 /Applications/XAMPP/xamppfiles/htdocs/yii/framework/web/CController.php(784): CBaseController->renderFile('/Applications/X...', Array, true)
#15 /Applications/XAMPP/xamppfiles/htdocs/checklist/protected/controllers/SiteController.php(32): CController->render('index')
#16 /Applications/XAMPP/xamppfiles/htdocs/yii/framework/web/actions/CInlineAction.php(49): SiteController->actionIndex()
#17 /Applications/XAMPP/xamppfiles/htdocs/yii/framework/web/CController.php(308): CInlineAction->runWithParams(Array)
#18 /Applications/XAMPP/xamppfiles/htdocs/yii/framework/web/CController.php(286): CController->runAction(Object(CInlineAction))
#19 /Applications/XAMPP/xamppfiles/htdocs/yii/framework/web/CController.php(265): CController->runActionWithFilters(Object(CInlineAction), Array)
#20 /Applications/XAMPP/xamppfiles/htdocs/yii/framework/web/CWebApplication.php(282): CController->run('')
#21 /Applications/XAMPP/xamppfiles/htdocs/yii/framework/web/CWebApplication.php(141): CWebApplication->runController('')
#22 /Applications/XAMPP/xamppfiles/htdocs/yii/framework/base/CApplication.php(184): CWebApplication->processRequest()
#23 /Applications/XAMPP/xamppfiles/htdocs/checklist/index.php(13): CApplication->run()
#24 {main}
REQUEST_URI=/checklist/
---
2015/05/22 17:59:55 [error] [php] include(TbCollapse.php): failed to open stream: No such file or directory (/Applications/XAMPP/xamppfiles/htdocs/yii/framework/YiiBase.php:432)
Stack trace:
#0 unknown(0): spl_autoload_call()
#1 /Applications/XAMPP/xamppfiles/htdocs/yii/framework/YiiBase.php(292): class_exists()
#2 /Applications/XAMPP/xamppfiles/htdocs/yii/framework/web/CWidgetFactory.php(146): import()
#3 /Applications/XAMPP/xamppfiles/htdocs/yii/framework/web/CBaseController.php(146): CWidgetFactory->createWidget()
#4 /Applications/XAMPP/xamppfiles/htdocs/yii/framework/web/CBaseController.php(180): SiteController->createWidget()
#5 /Applications/XAMPP/xamppfiles/htdocs/checklist/protected/extensions/bootstrap/widgets/TbNavbar.php(112): SiteController->widget()
#6 /Applications/XAMPP/xamppfiles/htdocs/yii/framework/web/CBaseController.php(181): TbNavbar->run()
#7 /Applications/XAMPP/xamppfiles/htdocs/checklist/protected/views/layouts/main.php(53): SiteController->widget()
#8 /Applications/XAMPP/xamppfiles/htdocs/yii/framework/web/CBaseController.php(126): require()
#9 /Applications/XAMPP/xamppfiles/htdocs/yii/framework/web/CBaseController.php(95): SiteController->renderInternal()
#10 /Applications/XAMPP/xamppfiles/htdocs/yii/framework/web/widgets/CContentDecorator.php(76): SiteController->renderFile()
#11 /Applications/XAMPP/xamppfiles/htdocs/yii/framework/web/widgets/CContentDecorator.php(54): CContentDecorator->decorate()
#12 /Applications/XAMPP/xamppfiles/htdocs/yii/framework/web/widgets/COutputProcessor.php(44): CContentDecorator->processOutput()
#13 /Applications/XAMPP/xamppfiles/htdocs/yii/framework/web/CBaseController.php(214): CContentDecorator->run()
#14 /Applications/XAMPP/xamppfiles/htdocs/yii/framework/web/CBaseController.php(308): SiteController->endWidget()
#15 /Applications/XAMPP/xamppfiles/htdocs/checklist/protected/views/layouts/column1.php(6): SiteController->endContent()
#16 /Applications/XAMPP/xamppfiles/htdocs/yii/framework/web/CBaseController.php(126): require()
#17 /Applications/XAMPP/xamppfiles/htdocs/yii/framework/web/CBaseController.php(95): SiteController->renderInternal()
#18 /Applications/XAMPP/xamppfiles/htdocs/yii/framework/web/CController.php(784): SiteController->renderFile()
#19 /Applications/XAMPP/xamppfiles/htdocs/checklist/protected/controllers/SiteController.php(32): SiteController->render()
#20 /Applications/XAMPP/xamppfiles/htdocs/yii/framework/web/actions/CInlineAction.php(49): SiteController->actionIndex()
#21 /Applications/XAMPP/xamppfiles/htdocs/yii/framework/web/CController.php(308): CInlineAction->runWithParams()
#22 /Applications/XAMPP/xamppfiles/htdocs/yii/framework/web/CController.php(286): SiteController->runAction()
#23 /Applications/XAMPP/xamppfiles/htdocs/yii/framework/web/CController.php(265): SiteController->runActionWithFilters()
#24 /Applications/XAMPP/xamppfiles/htdocs/yii/framework/web/CWebApplication.php(282): SiteController->run()
#25 /Applications/XAMPP/xamppfiles/htdocs/yii/framework/web/CWebApplication.php(141): CWebApplication->runController()
#26 /Applications/XAMPP/xamppfiles/htdocs/yii/framework/base/CApplication.php(184): CWebApplication->processRequest()
#27 /Applications/XAMPP/xamppfiles/htdocs/checklist/index.php(13): CWebApplication->run()
REQUEST_URI=/checklist/
in /Applications/XAMPP/xamppfiles/htdocs/checklist/protected/extensions/bootstrap/widgets/TbNavbar.php (112)
in /Applications/XAMPP/xamppfiles/htdocs/checklist/protected/views/layouts/main.php (53)
in /Applications/XAMPP/xamppfiles/htdocs/checklist/protected/views/layouts/column1.php (6)
2015/05/22 18:04:39 [error] [php] include(TbCollapse.php): failed to open stream: No such file or directory (/Applications/XAMPP/xamppfiles/htdocs/yii/framework/YiiBase.php:432)
Stack trace:
#0 unknown(0): spl_autoload_call()
#1 /Applications/XAMPP/xamppfiles/htdocs/yii/framework/YiiBase.php(292): class_exists()
#2 /Applications/XAMPP/xamppfiles/htdocs/yii/framework/web/CWidgetFactory.php(146): import()
#3 /Applications/XAMPP/xamppfiles/htdocs/yii/framework/web/CBaseController.php(146): CWidgetFactory->createWidget()
#4 /Applications/XAMPP/xamppfiles/htdocs/yii/framework/web/CBaseController.php(180): SiteController->createWidget()
#5 /Applications/XAMPP/xamppfiles/htdocs/checklist/protected/extensions/bootstrap/widgets/TbNavbar.php(112): SiteController->widget()
#6 /Applications/XAMPP/xamppfiles/htdocs/yii/framework/web/CBaseController.php(181): TbNavbar->run()
#7 /Applications/XAMPP/xamppfiles/htdocs/checklist/protected/views/layouts/main.php(58): SiteController->widget()
#8 /Applications/XAMPP/xamppfiles/htdocs/yii/framework/web/CBaseController.php(126): require()
#9 /Applications/XAMPP/xamppfiles/htdocs/yii/framework/web/CBaseController.php(95): SiteController->renderInternal()
#10 /Applications/XAMPP/xamppfiles/htdocs/yii/framework/web/widgets/CContentDecorator.php(76): SiteController->renderFile()
#11 /Applications/XAMPP/xamppfiles/htdocs/yii/framework/web/widgets/CContentDecorator.php(54): CContentDecorator->decorate()
#12 /Applications/XAMPP/xamppfiles/htdocs/yii/framework/web/widgets/COutputProcessor.php(44): CContentDecorator->processOutput()
#13 /Applications/XAMPP/xamppfiles/htdocs/yii/framework/web/CBaseController.php(214): CContentDecorator->run()
#14 /Applications/XAMPP/xamppfiles/htdocs/yii/framework/web/CBaseController.php(308): SiteController->endWidget()
#15 /Applications/XAMPP/xamppfiles/htdocs/checklist/protected/views/layouts/column1.php(6): SiteController->endContent()
#16 /Applications/XAMPP/xamppfiles/htdocs/yii/framework/web/CBaseController.php(126): require()
#17 /Applications/XAMPP/xamppfiles/htdocs/yii/framework/web/CBaseController.php(95): SiteController->renderInternal()
#18 /Applications/XAMPP/xamppfiles/htdocs/yii/framework/web/CController.php(784): SiteController->renderFile()
#19 /Applications/XAMPP/xamppfiles/htdocs/checklist/protected/controllers/SiteController.php(32): SiteController->render()
#20 /Applications/XAMPP/xamppfiles/htdocs/yii/framework/web/actions/CInlineAction.php(49): SiteController->actionIndex()
#21 /Applications/XAMPP/xamppfiles/htdocs/yii/framework/web/CController.php(308): CInlineAction->runWithParams()
#22 /Applications/XAMPP/xamppfiles/htdocs/yii/framework/web/CController.php(286): SiteController->runAction()
#23 /Applications/XAMPP/xamppfiles/htdocs/yii/framework/web/CController.php(265): SiteController->runActionWithFilters()
#24 /Applications/XAMPP/xamppfiles/htdocs/yii/framework/web/CWebApplication.php(282): SiteController->run()
#25 /Applications/XAMPP/xamppfiles/htdocs/yii/framework/web/CWebApplication.php(141): CWebApplication->runController()
#26 /Applications/XAMPP/xamppfiles/htdocs/yii/framework/base/CApplication.php(184): CWebApplication->processRequest()
#27 /Applications/XAMPP/xamppfiles/htdocs/checklist/index.php(13): CWebApplication->run()
REQUEST_URI=/checklist/
in /Applications/XAMPP/xamppfiles/htdocs/checklist/protected/extensions/bootstrap/widgets/TbNavbar.php (112)
in /Applications/XAMPP/xamppfiles/htdocs/checklist/protected/views/layouts/main.php (58)
in /Applications/XAMPP/xamppfiles/htdocs/checklist/protected/views/layouts/column1.php (6)
